  controlador.c
F:\Documents\ISEC\2020_2021\SO2\TP\SO2_TP_2021\SO2_TP_2021_Control\biblioteca.h(19,1): warning C4005: 'BUFFERSIZE': macro redefinition
F:\Documents\ISEC\2020_2021\SO2\TP\SO2_TP_2021\SO2_TP_2021_Control\biblioteca.h(15): message : see previous definition of 'BUFFERSIZE'
F:\Documents\ISEC\2020_2021\SO2\TP\SO2_TP_2021\SO2_TP_2021_Control\controlador.c(84,23): warning C4133: 'function': incompatible types - from 'TCHAR *' to 'const char *'
F:\Documents\ISEC\2020_2021\SO2\TP\SO2_TP_2021\SO2_TP_2021_Control\controlador.c(85,3): warning C4033: 'verificaJogador' must return a value
F:\Documents\ISEC\2020_2021\SO2\TP\SO2_TP_2021\SO2_TP_2021_Control\controlador.c(80,8): warning C4101: 'auxJogador': unreferenced local variable
F:\Documents\ISEC\2020_2021\SO2\TP\SO2_TP_2021\SO2_TP_2021_Control\controlador.c(82,9): warning C4101: 'token': unreferenced local variable
F:\Documents\ISEC\2020_2021\SO2\TP\SO2_TP_2021\SO2_TP_2021_Control\controlador.c(82,21): warning C4101: 'nextToken': unreferenced local variable
F:\Documents\ISEC\2020_2021\SO2\TP\SO2_TP_2021\SO2_TP_2021_Control\controlador.c(126,12): warning C4477: 'wprintf' : format string '%s' requires an argument of type 'unsigned short *', but variadic argument 1 has type 'TCHAR (*)[20][1000]'
F:\Documents\ISEC\2020_2021\SO2\TP\SO2_TP_2021\SO2_TP_2021_Control\controlador.c(177,6): warning C4101: 'tempo': unreferenced local variable
F:\Documents\ISEC\2020_2021\SO2\TP\SO2_TP_2021\SO2_TP_2021_Control\controlador.c(177,13): warning C4101: 'id_taxi': unreferenced local variable
F:\Documents\ISEC\2020_2021\SO2\TP\SO2_TP_2021\SO2_TP_2021_Control\controlador.c(231,62): warning C4113: 'DWORD (__stdcall *)()' differs in parameter lists from 'LPTHREAD_START_ROUTINE'
F:\Documents\ISEC\2020_2021\SO2\TP\SO2_TP_2021\SO2_TP_2021_Control\controlador.c(247,8): warning C4013: '_getch' undefined; assuming extern returning int
F:\Documents\ISEC\2020_2021\SO2\TP\SO2_TP_2021\SO2_TP_2021_Control\controlador.c(214,9): warning C4101: 'hTHREAD': unreferenced local variable
F:\Documents\ISEC\2020_2021\SO2\TP\SO2_TP_2021\SO2_TP_2021_Control\controlador.c(211,11): warning C4101: 'ThreadId': unreferenced local variable
F:\Documents\ISEC\2020_2021\SO2\TP\SO2_TP_2021\SO2_TP_2021_Control\controlador.c(214,18): warning C4101: 'hTHREAD_2': unreferenced local variable
F:\Documents\ISEC\2020_2021\SO2\TP\SO2_TP_2021\SO2_TP_2021_Control\controlador.c(211,28): warning C4101: 'response': unreferenced local variable
F:\Documents\ISEC\2020_2021\SO2\TP\SO2_TP_2021\SO2_TP_2021_Control\controlador.c(211,21): warning C4101: 'valor': unreferenced local variable
F:\Documents\ISEC\2020_2021\SO2\TP\SO2_TP_2021\SO2_TP_2021_Control\controlador.c(211,8): warning C4101: 'i': unreferenced local variable
F:\Documents\ISEC\2020_2021\SO2\TP\SO2_TP_2021\SO2_TP_2021_Control\controlador.c(215,9): warning C4101: 'hFileMap': unreferenced local variable
F:\Documents\ISEC\2020_2021\SO2\TP\SO2_TP_2021\SO2_TP_2021_Control\controlador.c(73): warning C4715: 'recebeMovement': not all control paths return a value
F:\Documents\ISEC\2020_2021\SO2\TP\SO2_TP_2021\SO2_TP_2021_Control\controlador.c(91): warning C4715: 'verificaJogador': not all control paths return a value
F:\Documents\ISEC\2020_2021\SO2\TP\SO2_TP_2021\SO2_TP_2021_Control\controlador.c(153): warning C4715: 'recebe_logins': not all control paths return a value
  SO2_TP_2021_Control.vcxproj -> F:\Documents\ISEC\2020_2021\SO2\TP\SO2_TP_2021\Debug\SO2_TP_2021_Control.exe
