  biblioteca.c
F:\Documents\ISEC\2020_2021\SO2\TP\SO2_TP_2021\SO2_TP_2021_Control\biblioteca.h(19,1): warning C4005: 'BUFFERSIZE': macro redefinition
F:\Documents\ISEC\2020_2021\SO2\TP\SO2_TP_2021\SO2_TP_2021_Control\biblioteca.h(15): message : see previous definition of 'BUFFERSIZE'
F:\Documents\ISEC\2020_2021\SO2\TP\SO2_TP_2021\SO2_TP_2021_Control\biblioteca.c(38,50): warning C4047: 'function': 'DWORD' differs in levels of indirection from 'void *'
F:\Documents\ISEC\2020_2021\SO2\TP\SO2_TP_2021\SO2_TP_2021_Control\biblioteca.c(38,46): warning C4024: 'RegSetValueExW': different types for formal and actual parameter 3
F:\Documents\ISEC\2020_2021\SO2\TP\SO2_TP_2021\SO2_TP_2021_Control\biblioteca.c(39,54): warning C4047: 'function': 'DWORD' differs in levels of indirection from 'void *'
F:\Documents\ISEC\2020_2021\SO2\TP\SO2_TP_2021\SO2_TP_2021_Control\biblioteca.c(39,50): warning C4024: 'RegSetValueExW': different types for formal and actual parameter 3
F:\Documents\ISEC\2020_2021\SO2\TP\SO2_TP_2021\SO2_TP_2021_Control\biblioteca.c(17,24): warning C4101: 'Aipor_amount': unreferenced local variable
F:\Documents\ISEC\2020_2021\SO2\TP\SO2_TP_2021\SO2_TP_2021_Control\biblioteca.c(18,6): warning C4101: 'queAconteceu': unreferenced local variable
F:\Documents\ISEC\2020_2021\SO2\TP\SO2_TP_2021\SO2_TP_2021_Control\biblioteca.c(15,15): warning C4101: 'h_second_Key': unreferenced local variable
F:\Documents\ISEC\2020_2021\SO2\TP\SO2_TP_2021\SO2_TP_2021_Control\biblioteca.c(17,9): warning C4101: 'Planes_amount': unreferenced local variable
F:\Documents\ISEC\2020_2021\SO2\TP\SO2_TP_2021\SO2_TP_2021_Control\biblioteca.c(81,69): warning C4133: 'function': incompatible types - from 'int *' to 'LPBYTE'
F:\Documents\ISEC\2020_2021\SO2\TP\SO2_TP_2021\SO2_TP_2021_Control\biblioteca.c(63,9): warning C4101: 'hMapFile': unreferenced local variable
F:\Documents\ISEC\2020_2021\SO2\TP\SO2_TP_2021\SO2_TP_2021_Control\biblioteca.c(118,77): warning C4133: 'function': incompatible types - from 'int *' to 'LPBYTE'
F:\Documents\ISEC\2020_2021\SO2\TP\SO2_TP_2021\SO2_TP_2021_Control\biblioteca.c(103,9): warning C4101: 'hMapFile': unreferenced local variable
F:\Documents\ISEC\2020_2021\SO2\TP\SO2_TP_2021\SO2_TP_2021_Control\biblioteca.c(97,7): warning C4101: 'numero_de_avioes': unreferenced local variable
  aviao.c
F:\Documents\ISEC\2020_2021\SO2\TP\SO2_TP_2021\SO2_TP_2021_Control\biblioteca.h(19,1): warning C4005: 'BUFFERSIZE': macro redefinition
F:\Documents\ISEC\2020_2021\SO2\TP\SO2_TP_2021\SO2_TP_2021_Control\biblioteca.h(15): message : see previous definition of 'BUFFERSIZE'
F:\Documents\ISEC\2020_2021\SO2\TP\SO2_TP_2021\SO2_TP_2021_Aviao\aviao.c(93,57): warning C4047: 'function': 'const wchar_t *const ' differs in levels of indirection from 'TCHAR (*)[1000]'
F:\Documents\ISEC\2020_2021\SO2\TP\SO2_TP_2021\SO2_TP_2021_Aviao\aviao.c(93,50): warning C4024: 'swprintf_s': different types for formal and actual parameter 3
F:\Documents\ISEC\2020_2021\SO2\TP\SO2_TP_2021\SO2_TP_2021_Aviao\aviao.c(192,8): warning C4013: '_getch' undefined; assuming extern returning int
F:\Documents\ISEC\2020_2021\SO2\TP\SO2_TP_2021\SO2_TP_2021_Aviao\aviao.c(117,6): warning C4101: 'x': unreferenced local variable
  Generating Code...
F:\Documents\ISEC\2020_2021\SO2\TP\SO2_TP_2021\SO2_TP_2021_Aviao\aviao.c(105): warning C4715: 'login': not all control paths return a value
F:\Documents\ISEC\2020_2021\SO2\TP\SO2_TP_2021\SO2_TP_2021_Aviao\aviao.c(51): warning C4715: 'envia_movimento': not all control paths return a value
  SO2_TP_2021_Aviao.vcxproj -> F:\Documents\ISEC\2020_2021\SO2\TP\SO2_TP_2021\Debug\SO2_TP_2021_Aviao.exe
